
****************************************************************************
DataMan
****************************************************************************

****************************************************************************
DataMan
****************************************************************************

****************************************************************************
DataMan
****************************************************************************

****************************************************************************
DataMan
****************************************************************************
2014-11-20 13:27:23,359 - weatherclient - DEBUG - Creating Logger for weatherclient
2014-11-20 13:27:23,359 - weatherclient - INFO - 

2014-11-20 13:27:23,359 - weatherclient - INFO - ****************************************************************************
****************************************************************************
2014-11-20 13:27:23,359 - weatherclient - INFO - DataMan
DataMan
2014-11-20 13:27:23,359 - weatherclient - INFO - ****************************************************************************
****************************************************************************

****************************************************************************
DataMan
****************************************************************************
2014-11-20 15:59:13,655 - weatherclient - DEBUG - Creating Logger for weatherclient
2014-11-20 15:59:13,655 - weatherclient - INFO - 

2014-11-20 15:59:13,655 - weatherclient - INFO - ****************************************************************************
****************************************************************************
2014-11-20 15:59:13,657 - weatherclient - INFO - DataMan
DataMan
2014-11-20 15:59:13,657 - weatherclient - INFO - ****************************************************************************
****************************************************************************

****************************************************************************
DataMan
****************************************************************************
2014-11-20 15:59:37,421 - weatherclient - DEBUG - Creating Logger for weatherclient
2014-11-20 15:59:37,421 - weatherclient - INFO - 

2014-11-20 15:59:37,421 - weatherclient - INFO - ****************************************************************************
****************************************************************************
2014-11-20 15:59:37,421 - weatherclient - INFO - DataMan
DataMan
2014-11-20 15:59:37,423 - weatherclient - INFO - ****************************************************************************
****************************************************************************

****************************************************************************
DataMan
****************************************************************************
2014-11-20 15:59:56,157 - weatherclient - DEBUG - Creating Logger for weatherclient
2014-11-20 15:59:56,157 - weatherclient - INFO - 

2014-11-20 15:59:56,158 - weatherclient - INFO - ****************************************************************************
****************************************************************************
2014-11-20 15:59:56,158 - weatherclient - INFO - DataMan
DataMan
2014-11-20 15:59:56,158 - weatherclient - INFO - ****************************************************************************
****************************************************************************

****************************************************************************
DataMan
****************************************************************************
2014-11-20 16:00:33,788 - weatherclient - DEBUG - Creating Logger for weatherclient
2014-11-20 16:00:33,788 - weatherclient - INFO - 

2014-11-20 16:00:33,788 - weatherclient - INFO - ****************************************************************************
****************************************************************************
2014-11-20 16:00:33,788 - weatherclient - INFO - DataMan
DataMan
2014-11-20 16:00:33,788 - weatherclient - INFO - ****************************************************************************
****************************************************************************

****************************************************************************
DataMan
****************************************************************************
2014-11-20 16:00:58,760 - weatherclient - DEBUG - Creating Logger for weatherclient
2014-11-20 16:00:58,762 - weatherclient - INFO - 

2014-11-20 16:00:58,762 - weatherclient - INFO - ****************************************************************************
****************************************************************************
2014-11-20 16:00:58,762 - weatherclient - INFO - DataMan
DataMan
2014-11-20 16:00:58,762 - weatherclient - INFO - ****************************************************************************
****************************************************************************

****************************************************************************
DataMan
****************************************************************************
2014-11-20 16:13:44,414 - weatherclient - DEBUG - Creating Logger for weatherclient
2014-11-20 16:13:44,414 - weatherclient - INFO - 

2014-11-20 16:13:44,414 - weatherclient - INFO - ****************************************************************************
****************************************************************************
2014-11-20 16:13:44,414 - weatherclient - INFO - DataMan
DataMan
2014-11-20 16:13:44,414 - weatherclient - INFO - ****************************************************************************
****************************************************************************

****************************************************************************
DataMan
****************************************************************************
2014-12-09 13:24:48,565 - weatherclient - DEBUG - Creating Logger for weatherclient
2014-12-09 13:24:48,565 - weatherclient - INFO - 

2014-12-09 13:24:48,565 - weatherclient - INFO - ****************************************************************************
****************************************************************************
2014-12-09 13:24:48,565 - weatherclient - INFO - DataMan
DataMan
2014-12-09 13:24:48,565 - weatherclient - INFO - ****************************************************************************
****************************************************************************

****************************************************************************
DataMan
****************************************************************************
2014-12-09 13:43:08,437 - weatherclient - DEBUG - Creating Logger for weatherclient
2014-12-09 13:43:08,437 - weatherclient - INFO - 

2014-12-09 13:43:08,437 - weatherclient - INFO - ****************************************************************************
****************************************************************************
2014-12-09 13:43:08,437 - weatherclient - INFO - DataMan
DataMan
2014-12-09 13:43:08,438 - weatherclient - INFO - ****************************************************************************
****************************************************************************
